#
# A fatal error has been detected by the Java Runtime Environment:
#
#  Internal Error (javaCalls.cpp:51), pid=16858, tid=0xa30d9b40
#  guarantee(thread->is_Java_thread()) failed: crucial check - the VM thread cannot and must not escape to Java code
#
# JRE version: Java(TM) SE Runtime Environment (8.0_181-b13) (build 1.8.0_181-b13)
# Java VM: Java HotSpot(TM) Server VM (25.181-b13 mixed mode linux-x86 )
# Failed to write core dump. Core dumps have been disabled. To enable core dumping, try "ulimit -c unlimited" before starting Java again
#
# If you would like to submit a bug report, please visit:
#   http://bugreport.java.com/bugreport/crash.jsp
#

---------------  T H R E A D  ---------------

Current thread (0xa2d80800):  VMThread [stack: 0xa3059000,0xa30da000] [id=16871]

Stack: [0xa3059000,0xa30da000],  sp=0xa30d7c20,  free space=507k
Native frames: (J=compiled Java code, j=interpreted, Vv=VM code, C=native code)
V  [libjvm.so+0x8e099f]  VMError::report_and_die()+0x16f
V  [libjvm.so+0x394119]  report_vm_error(char const*, int, char const*, char const*)+0x49
V  [libjvm.so+0x505544]  JavaCallWrapper::JavaCallWrapper(methodHandle, Handle, JavaValue*, Thread*)+0x234
V  [libjvm.so+0x5061af]  JavaCalls::call_helper(JavaValue*, methodHandle*, JavaCallArguments*, Thread*)+0x85f
V  [libjvm.so+0x75bb49]  os::os_exception_wrapper(void (*)(JavaValue*, methodHandle*, JavaCallArguments*, Thread*), JavaValue*, methodHandle*, JavaCallArguments*, Thread*)+0x19
V  [libjvm.so+0x507a6c]  JavaCalls::call_special(JavaValue*, KlassHandle, Symbol*, Symbol*, JavaCallArguments*, Thread*)+0x24c
V  [libjvm.so+0x41c580]  Exceptions::new_exception(Thread*, Symbol*, Symbol*, JavaCallArguments*, Handle, Handle)+0x160
V  [libjvm.so+0x41c669]  Exceptions::new_exception(Thread*, Symbol*, Symbol*, JavaCallArguments*, Handle, Handle, Handle)+0x39
V  [libjvm.so+0x41cb2b]  Exceptions::new_exception(Thread*, Symbol*, char const*, Handle, Handle, Handle, Exceptions::ExceptionMsgToUtf8Mode)+0x16b
V  [libjvm.so+0x41cc06]  Exceptions::new_exception(Thread*, Symbol*, char const*, Exceptions::ExceptionMsgToUtf8Mode)+0x26
V  [libjvm.so+0x481862]  GenerateOopMap::verify_error(char const*, ...)+0x72
V  [libjvm.so+0x485445]  GenerateOopMap::do_method(int, int, int, int)+0x235
V  [libjvm.so+0x486f7e]  GenerateOopMap::interp1(BytecodeStream*)+0x72e
V  [libjvm.so+0x487aa2]  GenerateOopMap::interp_bb(BasicBlock*)+0x352
V  [libjvm.so+0x489081]  GenerateOopMap::do_interpretation()+0x141
V  [libjvm.so+0x4893d6]  GenerateOopMap::compute_map(Thread*)+0x306
V  [libjvm.so+0x752e60]  OopMapForCacheEntry::compute_map(Thread*)+0xa0
V  [libjvm.so+0x754d79]  OopMapCacheEntry::fill(methodHandle, int)+0x2e9
V  [libjvm.so+0x75539a]  OopMapCache::compute_one_oop_map(methodHandle, int, InterpreterOopMap*)+0xfa
V  [libjvm.so+0x755ca5]  OopMapCache::lookup(methodHandle, int, InterpreterOopMap*) const+0x675
V  [libjvm.so+0x4d513b]  InstanceKlass::mask_for(methodHandle, int, InterpreterOopMap*)+0x6b
V  [libjvm.so+0x6fdcb8]  Method::mask_for(int, InterpreterOopMap*)+0x88
V  [libjvm.so+0x612f06]  VM_GetOrSetLocal::doit()+0x56
V  [libjvm.so+0x8ebb67]  VM_Operation::evaluate()+0x47
V  [libjvm.so+0x8e9c33]  VMThread::evaluate_operation(VM_Operation*)+0xb3
V  [libjvm.so+0x8e9fd0]  VMThread::loop()+0x1b0
V  [libjvm.so+0x8ea435]  VMThread::run()+0x85
V  [libjvm.so+0x7636f9]  java_start(Thread*)+0x119
C  [libpthread.so.0+0x6295]  start_thread+0xe5

VM_Operation (0xa5e7dc2c): GetOrSetLocal, mode: safepoint, requested by thread 0xa2dadc00


---------------  P R O C E S S  ---------------

Java Threads: ( => current thread )
  0xa208b800 JavaThread "Service Thread" daemon [_thread_blocked, id=16891, stack(0xa1e2c000,0xa1e7d000)]
  0xa2089400 JavaThread "C1 CompilerThread3" daemon [_thread_blocked, id=16890, stack(0xa1e7d000,0xa1efe000)]
  0xa2088400 JavaThread "C2 CompilerThread2" daemon [_thread_blocked, id=16889, stack(0xa1efe000,0xa1f7f000)]
  0xa2081800 JavaThread "C2 CompilerThread1" daemon [_thread_blocked, id=16888, stack(0xa1f7f000,0xa2000000)]
  0xa2086000 JavaThread "C2 CompilerThread0" daemon [_thread_blocked, id=16887, stack(0xa2106000,0xa2187000)]
  0xa2a00800 JavaThread "JDWP Command Reader" daemon [_thread_in_native, id=16884, stack(0xa3008000,0xa3059000)]
  0xa2db0800 JavaThread "JDWP Event Helper Thread" daemon [_thread_blocked, id=16883, stack(0xa5c2e000,0xa5c7f000)]
  0xa2dadc00 JavaThread "JDWP Transport Listener: dt_socket" daemon [_thread_blocked, id=16882, stack(0xa5e2e000,0xa5e7f000)]
  0xa2da2c00 JavaThread "Signal Dispatcher" daemon [_thread_blocked, id=16881, stack(0xa602e000,0xa607f000)]
  0xa2d88000 JavaThread "Finalizer" daemon [_thread_blocked, id=16873, stack(0xa622e000,0xa627f000)]
  0xa2d86000 JavaThread "Reference Handler" daemon [_thread_blocked, id=16872, stack(0xa642e000,0xa647f000)]
  0xf650fc00 JavaThread "main" [_thread_blocked, id=16859, stack(0xf6601000,0xf6652000)]

Other Threads:
=>0xa2d80800 VMThread [stack: 0xa3059000,0xa30da000] [id=16871]
  0xa208f400 WatcherThread [stack: 0xa1dab000,0xa1e2c000] [id=16893]

VM state:at safepoint (normal execution)

VM Mutex/Monitor currently owned by a thread:  ([mutex/lock_event])
[0xf650d448] Threads_lock - owner thread: 0xa2d80800

Heap:
 PSYoungGen      total 71936K, used 23501K [0xd18c0000, 0xd6540000, 0xe6e00000)
  eden space 66304K, 28% used [0xd18c0000,0xd2b59d88,0xd5980000)
  from space 5632K, 79% used [0xd5f40000,0xd63999a0,0xd64c0000)
  to   space 5888K, 0% used [0xd5980000,0xd5980000,0xd5f40000)
 ParOldGen       total 43776K, used 4291K [0xa6e00000, 0xa98c0000, 0xd18c0000)
  object space 43776K, 9% used [0xa6e00000,0xa7230ca8,0xa98c0000)
 Metaspace       used 12958K, capacity 13342K, committed 13464K, reserved 13616K

Card table byte_map: [0xa6bff000,0xa6e00000] byte_map_base: 0xa66c8000

Marking Bits: (ParMarkBitMap*) 0xf70c0560
 Begin Bits: [0xa3b00000, 0xa4b00000)
 End Bits:   [0xa4b00000, 0xa5b00000)

Polling page: 0xf76d4000

CodeCache: size=245760Kb used=3351Kb max_used=3367Kb free=242408Kb
 bounds [0xe721e000, 0xe756e000, 0xf621e000]
 total_blobs=1403 nmethods=1226 adapters=98
 compilation: enabled

Compilation events (10 events):
Event: 1,664 Thread 0xa2089400 nmethod 1216 0xe754fd88 code [0xe754fec0, 0xe755012c]
Event: 1,664 Thread 0xa2089400 1218       3       jdk.internal.org.objectweb.asm.MethodWriter::visitEnd (1 bytes)
Event: 1,665 Thread 0xa2089400 nmethod 1218 0xe754fb08 code [0xe754fc20, 0xe754fd00]
Event: 1,665 Thread 0xa2089400 1220       3       jdk.internal.org.objectweb.asm.MethodWriter::getSize (838 bytes)
Event: 1,668 Thread 0xa2089400 nmethod 1220 0xe75606c8 code [0xe7560b00, 0xe7562734]
Event: 1,671 Thread 0xa2086000 1227       4       java.lang.ThreadLocal::get (38 bytes)
Event: 1,674 Thread 0xa2086000 nmethod 1227 0xe7551448 code [0xe7551560, 0xe7551744]
Event: 1,676 Thread 0xa2089400 1228       3       org.springframework.core.annotation.AnnotationUtils::hasPlainJavaAnnotationsOnly (66 bytes)
Event: 1,677 Thread 0xa2089400 nmethod 1228 0xe75520c8 code [0xe7552260, 0xe7552bd0]
Event: 1,681 Thread 0xa2088400 nmethod 1226 0xe7567d48 code [0xe7567f40, 0xe7569150]

GC Heap History (10 events):
Event: 0,720 GC heap before
{Heap before GC invocations=2 (full 0):
 PSYoungGen      total 19200K, used 18590K [0xd18c0000, 0xd2e00000, 0xe6e00000)
  eden space 16640K, 100% used [0xd18c0000,0xd2900000,0xd2900000)
  from space 2560K, 76% used [0xd2900000,0xd2ae7b60,0xd2b80000)
  to   space 2560K, 0% used [0xd2b80000,0xd2b80000,0xd2e00000)
 ParOldGen       total 43776K, used 0K [0xa6e00000, 0xa98c0000, 0xd18c0000)
  object space 43776K, 0% used [0xa6e00000,0xa6e00000,0xa98c0000)
 Metaspace       used 5619K, capacity 5804K, committed 5912K, reserved 6448K
Event: 0,724 GC heap after
Heap after GC invocations=2 (full 0):
 PSYoungGen      total 19200K, used 2556K [0xd18c0000, 0xd3e40000, 0xe6e00000)
  eden space 16640K, 0% used [0xd18c0000,0xd18c0000,0xd2900000)
  from space 2560K, 99% used [0xd2b80000,0xd2dff1a0,0xd2e00000)
  to   space 2560K, 0% used [0xd2900000,0xd2900000,0xd2b80000)
 ParOldGen       total 43776K, used 106K [0xa6e00000, 0xa98c0000, 0xd18c0000)
  object space 43776K, 0% used [0xa6e00000,0xa6e1a8b0,0xa98c0000)
 Metaspace       used 5619K, capacity 5804K, committed 5912K, reserved 6448K
}
Event: 0,917 GC heap before
{Heap before GC invocations=3 (full 0):
 PSYoungGen      total 19200K, used 19196K [0xd18c0000, 0xd3e40000, 0xe6e00000)
  eden space 16640K, 100% used [0xd18c0000,0xd2900000,0xd2900000)
  from space 2560K, 99% used [0xd2b80000,0xd2dff1a0,0xd2e00000)
  to   space 2560K, 0% used [0xd2900000,0xd2900000,0xd2b80000)
 ParOldGen       total 43776K, used 106K [0xa6e00000, 0xa98c0000, 0xd18c0000)
  object space 43776K, 0% used [0xa6e00000,0xa6e1a8b0,0xa98c0000)
 Metaspace       used 7055K, capacity 7320K, committed 7320K, reserved 7472K
Event: 0,924 GC heap after
Heap after GC invocations=3 (full 0):
 PSYoungGen      total 19200K, used 2548K [0xd18c0000, 0xd3e40000, 0xe6e00000)
  eden space 16640K, 0% used [0xd18c0000,0xd18c0000,0xd2900000)
  from space 2560K, 99% used [0xd2900000,0xd2b7d078,0xd2b80000)
  to   space 2560K, 0% used [0xd3bc0000,0xd3bc0000,0xd3e40000)
 ParOldGen       total 43776K, used 335K [0xa6e00000, 0xa98c0000, 0xd18c0000)
  object space 43776K, 0% used [0xa6e00000,0xa6e53cf8,0xa98c0000)
 Metaspace       used 7055K, capacity 7320K, committed 7320K, reserved 7472K
}
Event: 1,094 GC heap before
{Heap before GC invocations=4 (full 0):
 PSYoungGen      total 19200K, used 19188K [0xd18c0000, 0xd3e40000, 0xe6e00000)
  eden space 16640K, 100% used [0xd18c0000,0xd2900000,0xd2900000)
  from space 2560K, 99% used [0xd2900000,0xd2b7d078,0xd2b80000)
  to   space 2560K, 0% used [0xd3bc0000,0xd3bc0000,0xd3e40000)
 ParOldGen       total 43776K, used 335K [0xa6e00000, 0xa98c0000, 0xd18c0000)
  object space 43776K, 0% used [0xa6e00000,0xa6e53cf8,0xa98c0000)
 Metaspace       used 8457K, capacity 8738K, committed 8856K, reserved 9520K
Event: 1,102 GC heap after
Heap after GC invocations=4 (full 0):
 PSYoungGen      total 35840K, used 2559K [0xd18c0000, 0xd3e40000, 0xe6e00000)
  eden space 33280K, 0% used [0xd18c0000,0xd18c0000,0xd3940000)
  from space 2560K, 99% used [0xd3bc0000,0xd3e3fe70,0xd3e40000)
  to   space 2560K, 0% used [0xd3940000,0xd3940000,0xd3bc0000)
 ParOldGen       total 43776K, used 1571K [0xa6e00000, 0xa98c0000, 0xd18c0000)
  object space 43776K, 3% used [0xa6e00000,0xa6f88db8,0xa98c0000)
 Metaspace       used 8457K, capacity 8738K, committed 8856K, reserved 9520K
}
Event: 1,377 GC heap before
{Heap before GC invocations=5 (full 0):
 PSYoungGen      total 35840K, used 35839K [0xd18c0000, 0xd3e40000, 0xe6e00000)
  eden space 33280K, 100% used [0xd18c0000,0xd3940000,0xd3940000)
  from space 2560K, 99% used [0xd3bc0000,0xd3e3fe70,0xd3e40000)
  to   space 2560K, 0% used [0xd3940000,0xd3940000,0xd3bc0000)
 ParOldGen       total 43776K, used 1571K [0xa6e00000, 0xa98c0000, 0xd18c0000)
  object space 43776K, 3% used [0xa6e00000,0xa6f88db8,0xa98c0000)
 Metaspace       used 10779K, capacity 11127K, committed 11160K, reserved 11568K
Event: 1,383 GC heap after
Heap after GC invocations=5 (full 0):
 PSYoungGen      total 35840K, used 2559K [0xd18c0000, 0xd64c0000, 0xe6e00000)
  eden space 33280K, 0% used [0xd18c0000,0xd18c0000,0xd3940000)
  from space 2560K, 99% used [0xd3940000,0xd3bbff50,0xd3bc0000)
  to   space 5632K, 0% used [0xd5f40000,0xd5f40000,0xd64c0000)
 ParOldGen       total 43776K, used 4287K [0xa6e00000, 0xa98c0000, 0xd18c0000)
  object space 43776K, 9% used [0xa6e00000,0xa722fca8,0xa98c0000)
 Metaspace       used 10779K, capacity 11127K, committed 11160K, reserved 11568K
}
Event: 1,539 GC heap before
{Heap before GC invocations=6 (full 0):
 PSYoungGen      total 35840K, used 35839K [0xd18c0000, 0xd64c0000, 0xe6e00000)
  eden space 33280K, 100% used [0xd18c0000,0xd3940000,0xd3940000)
  from space 2560K, 99% used [0xd3940000,0xd3bbff50,0xd3bc0000)
  to   space 5632K, 0% used [0xd5f40000,0xd5f40000,0xd64c0000)
 ParOldGen       total 43776K, used 4287K [0xa6e00000, 0xa98c0000, 0xd18c0000)
  object space 43776K, 9% used [0xa6e00000,0xa722fca8,0xa98c0000)
 Metaspace       used 11860K, capacity 12199K, committed 12312K, reserved 12592K
Event: 1,547 GC heap after
Heap after GC invocations=6 (full 0):
 PSYoungGen      total 71936K, used 4454K [0xd18c0000, 0xd6540000, 0xe6e00000)
  eden space 66304K, 0% used [0xd18c0000,0xd18c0000,0xd5980000)
  from space 5632K, 79% used [0xd5f40000,0xd63999a0,0xd64c0000)
  to   space 5888K, 0% used [0xd5980000,0xd5980000,0xd5f40000)
 ParOldGen       total 43776K, used 4291K [0xa6e00000, 0xa98c0000, 0xd18c0000)
  object space 43776K, 9% used [0xa6e00000,0xa7230ca8,0xa98c0000)
 Metaspace       used 11860K, capacity 12199K, committed 12312K, reserved 12592K
}

Deoptimization events (8 events):
Event: 0,412 Thread 0xf650fc00 Uncommon trap: reason=unstable_if action=reinterpret pc=0xe73223fc method=sun.misc.MetaIndex.mayContain(Ljava/lang/String;)Z @ 38
Event: 0,756 Thread 0xf650fc00 Uncommon trap: reason=range_check action=make_not_entrant pc=0xe742f2f8 method=sun.reflect.generics.parser.SignatureParser.current()C @ 34
Event: 1,287 Thread 0xf650fc00 Uncommon trap: reason=unstable_if action=reinterpret pc=0xe7310aa4 method=java.lang.String.indexOf([CII[CIII)I @ 3
Event: 1,520 Thread 0xf650fc00 Uncommon trap: reason=bimorphic action=maybe_recompile pc=0xe74a5cd4 method=java.util.HashMap.putVal(ILjava/lang/Object;Ljava/lang/Object;ZZ)Ljava/lang/Object; @ 203
Event: 1,523 Thread 0xf650fc00 Uncommon trap: reason=bimorphic action=maybe_recompile pc=0xe74a5cd4 method=java.util.HashMap.putVal(ILjava/lang/Object;Ljava/lang/Object;ZZ)Ljava/lang/Object; @ 203
Event: 1,524 Thread 0xf650fc00 Uncommon trap: reason=bimorphic action=maybe_recompile pc=0xe74a5cd4 method=java.util.HashMap.putVal(ILjava/lang/Object;Ljava/lang/Object;ZZ)Ljava/lang/Object; @ 203
Event: 1,532 Thread 0xf650fc00 Uncommon trap: reason=bimorphic action=maybe_recompile pc=0xe74a5cd4 method=java.util.HashMap.putVal(ILjava/lang/Object;Ljava/lang/Object;ZZ)Ljava/lang/Object; @ 203
Event: 1,572 Thread 0xf650fc00 Uncommon trap: reason=bimorphic action=maybe_recompile pc=0xe750af70 method=java.util.HashMap.putVal(ILjava/lang/Object;Ljava/lang/Object;ZZ)Ljava/lang/Object; @ 203

Classes redefined (9 events):
Event: 242,141 Thread 0xa2d80800 redefined class name=fr.univtlse3.m2dl.magnetrade.user.UserControllerIT, count=1
Event: 345,409 Thread 0xa2d80800 redefined class name=fr.univtlse3.m2dl.magnetrade.user.UserControllerIT, count=2
Event: 503,798 Thread 0xa2d80800 redefined class name=fr.univtlse3.m2dl.magnetrade.user.UserControllerIT, count=3
Event: 669,309 Thread 0xa2d80800 redefined class name=fr.univtlse3.m2dl.magnetrade.user.UserControllerIT, count=4
Event: 707,731 Thread 0xa2d80800 redefined class name=fr.univtlse3.m2dl.magnetrade.user.UserControllerIT, count=5
Event: 823,652 Thread 0xa2d80800 redefined class name=fr.univtlse3.m2dl.magnetrade.user.UserControllerIT, count=6
Event: 855,489 Thread 0xa2d80800 redefined class name=fr.univtlse3.m2dl.magnetrade.user.UserControllerIT, count=7
Event: 897,004 Thread 0xa2d80800 redefined class name=fr.univtlse3.m2dl.magnetrade.user.UserControllerIT, count=8
Event: 931,327 Thread 0xa2d80800 redefined class name=fr.univtlse3.m2dl.magnetrade.user.UserControllerIT, count=9

Internal exceptions (10 events):
Event: 0,754 Thread 0xf650fc00 Exception <a 'java/lang/ArrayIndexOutOfBoundsException'> (0xd1c0bfa0) thrown at [/HUDSON/workspace/8-2-build-linux-i586/jdk8u181/11358/hotspot/src/share/vm/runtime/sharedRuntime.cpp, line 605]
Event: 0,754 Thread 0xf650fc00 Exception <a 'java/lang/ArrayIndexOutOfBoundsException'> (0xd1c0e870) thrown at [/HUDSON/workspace/8-2-build-linux-i586/jdk8u181/11358/hotspot/src/share/vm/runtime/sharedRuntime.cpp, line 605]
Event: 0,755 Thread 0xf650fc00 Exception <a 'java/lang/ArrayIndexOutOfBoundsException'> (0xd1c20fb8) thrown at [/HUDSON/workspace/8-2-build-linux-i586/jdk8u181/11358/hotspot/src/share/vm/runtime/sharedRuntime.cpp, line 605]
Event: 0,755 Thread 0xf650fc00 Exception <a 'java/lang/ArrayIndexOutOfBoundsException'> (0xd1c33158) thrown at [/HUDSON/workspace/8-2-build-linux-i586/jdk8u181/11358/hotspot/src/share/vm/runtime/sharedRuntime.cpp, line 605]
Event: 0,756 Thread 0xf650fc00 Exception <a 'java/lang/ArrayIndexOutOfBoundsException'> (0xd1c442c8) thrown at [/HUDSON/workspace/8-2-build-linux-i586/jdk8u181/11358/hotspot/src/share/vm/runtime/sharedRuntime.cpp, line 605]
Event: 0,756 Thread 0xf650fc00 Exception <a 'java/lang/ArrayIndexOutOfBoundsException': 118> (0xd1c55ac8) thrown at [/HUDSON/workspace/8-2-build-linux-i586/jdk8u181/11358/hotspot/src/share/vm/interpreter/interpreterRuntime.cpp, line 366]
Event: 0,757 Thread 0xf650fc00 Exception <a 'java/lang/ArrayIndexOutOfBoundsException': 112> (0xd1c67520) thrown at [/HUDSON/workspace/8-2-build-linux-i586/jdk8u181/11358/hotspot/src/share/vm/interpreter/interpreterRuntime.cpp, line 366]
Event: 0,757 Thread 0xf650fc00 Exception <a 'java/lang/ArrayIndexOutOfBoundsException': 114> (0xd1c7a078) thrown at [/HUDSON/workspace/8-2-build-linux-i586/jdk8u181/11358/hotspot/src/share/vm/interpreter/interpreterRuntime.cpp, line 366]
Event: 0,927 Thread 0xf650fc00 Exception <a 'java/lang/NoSuchMethodError': org.slf4j.impl.StaticMDCBinder.getSingleton()Lorg/slf4j/impl/StaticMDCBinder;> (0xd18d7228) thrown at [/HUDSON/workspace/8-2-build-linux-i586/jdk8u181/11358/hotspot/src/share/vm/interpreter/linkResolver.cpp, lin
Event: 1,234 Thread 0xf650fc00 Exception <a 'java/lang/IncompatibleClassChangeError': Found class java.lang.Object, but interface was expected> (0xd29d8c20) thrown at [/HUDSON/workspace/8-2-build-linux-i586/jdk8u181/11358/hotspot/src/share/vm/interpreter/linkResolver.cpp, line 653]

Events (10 events):
Event: 1338,748 Executing VM operation: GetOrSetLocal done
Event: 1338,753 Executing VM operation: GetOrSetLocal
Event: 1338,753 Executing VM operation: GetOrSetLocal done
Event: 1338,757 Executing VM operation: GetOrSetLocal
Event: 1338,757 Executing VM operation: GetOrSetLocal done
Event: 1338,763 Executing VM operation: GetOrSetLocal
Event: 1338,764 Executing VM operation: GetOrSetLocal done
Event: 1338,770 Executing VM operation: GetOrSetLocal
Event: 1338,770 Executing VM operation: GetOrSetLocal done
Event: 1338,772 Executing VM operation: GetOrSetLocal


Dynamic libraries:
08048000-08049000 r-xp 00000000 103:03 9440734                           /home/louis/Bureau/Cours/DevOps/jdk1.8.0_181/bin/java
08049000-0804a000 rw-p 00000000 103:03 9440734                           /home/louis/Bureau/Cours/DevOps/jdk1.8.0_181/bin/java
09999000-099ba000 rw-p 00000000 00:00 0                                  [heap]
a06a9000-a0900000 rw-p 00000000 00:00 0 
a0900000-a09fc000 rw-p 00000000 00:00 0 
a09fc000-a0a00000 ---p 00000000 00:00 0 
a0a00000-a0ae0000 rw-p 00000000 00:00 0 
a0ae0000-a0b00000 ---p 00000000 00:00 0 
a0b00000-a0c00000 rw-p 00000000 00:00 0 
a0c00000-a0c4e000 rw-p 00000000 00:00 0 
a0c4e000-a0d00000 ---p 00000000 00:00 0 
a0d6b000-a0e00000 r--s 0110e000 103:03 10751243                          /home/louis/Bureau/Cours/DevOps/jdk1.8.0_181/jre/lib/ext/jfxrt.jar
a0e00000-a0f00000 rw-p 00000000 00:00 0 
a0f00000-a1000000 rw-p 00000000 00:00 0 
a1000000-a1100000 rw-p 00000000 00:00 0 
a1100000-a1200000 rw-p 00000000 00:00 0 
a1200000-a1300000 rw-p 00000000 00:00 0 
a1300000-a138e000 rw-p 00000000 00:00 0 
a138e000-a1400000 ---p 00000000 00:00 0 
a1400000-a1500000 rw-p 00000000 00:00 0 
a1500000-a1600000 rw-p 00000000 00:00 0 
a1600000-a1700000 rw-p 00000000 00:00 0 
a1700000-a1800000 rw-p 00000000 00:00 0 
a1800000-a188c000 rw-p 00000000 00:00 0 
a188c000-a1900000 ---p 00000000 00:00 0 
a1900000-a1a00000 rw-p 00000000 00:00 0 
a1a00000-a1af9000 rw-p 00000000 00:00 0 
a1af9000-a1b00000 ---p 00000000 00:00 0 
a1b00000-a1bee000 rw-p 00000000 00:00 0 
a1bee000-a1c00000 ---p 00000000 00:00 0 
a1c00000-a1ce3000 rw-p 00000000 00:00 0 
a1ce3000-a1d00000 ---p 00000000 00:00 0 
a1d74000-a1d7e000 r--s 00116000 103:03 10751239                          /home/louis/Bureau/Cours/DevOps/jdk1.8.0_181/jre/lib/ext/localedata.jar
a1d7e000-a1d85000 r--s 00000000 103:03 10106774                          /usr/lib/i386-linux-gnu/gconv/gconv-modules.cache
a1d85000-a1dab000 r--p 00000000 103:03 9056864                           /usr/share/locale-langpack/fr/LC_MESSAGES/libc.mo
a1dab000-a1dac000 ---p 00000000 00:00 0 
a1dac000-a1e2c000 rw-p 00000000 00:00 0 
a1e2c000-a1e2f000 ---p 00000000 00:00 0 
a1e2f000-a1e7d000 rw-p 00000000 00:00 0 
a1e7d000-a1e80000 ---p 00000000 00:00 0 
a1e80000-a1efe000 rw-p 00000000 00:00 0 
a1efe000-a1f01000 ---p 00000000 00:00 0 
a1f01000-a1f7f000 rw-p 00000000 00:00 0 
a1f7f000-a1f82000 ---p 00000000 00:00 0 
a1f82000-a2000000 rw-p 00000000 00:00 0 
a2000000-a2100000 rw-p 00000000 00:00 0 
a2106000-a2109000 ---p 00000000 00:00 0 
a2109000-a2187000 rw-p 00000000 00:00 0 
a2187000-a218e000 r--s 00064000 103:03 10231598                          /home/louis/Bureau/Cours/DevOps/idea-IU-182.4505.22/lib/rt/debugger-agent.jar
a218e000-a2190000 r--s 002c4000 103:03 2495856                           /home/louis/.m2/repository/io/springfox/springfox-swagger-ui/2.9.2/springfox-swagger-ui-2.9.2.jar
a2190000-a2192000 r--s 00004000 103:03 2495857                           /home/louis/.m2/repository/org/mapstruct/mapstruct/1.2.0.Final/mapstruct-1.2.0.Final.jar
a2192000-a2194000 r--s 00000000 103:03 2495852                           /home/louis/.m2/repository/org/springframework/plugin/spring-plugin-metadata/1.2.0.RELEASE/spring-plugin-metadata-1.2.0.RELEASE.jar
a2194000-a2195000 r--s 00004000 103:03 12714974                          /home/louis/.m2/repository/org/springframework/plugin/spring-plugin-core/1.2.0.RELEASE/spring-plugin-core-1.2.0.RELEASE.jar
a2195000-a2197000 r--s 00009000 103:03 12715096                          /home/louis/.m2/repository/org/slf4j/slf4j-api/1.7.25/slf4j-api-1.7.25.jar
a2197000-a2199000 r--s 0000f000 103:03 2754694                           /home/louis/.m2/repository/com/fasterxml/classmate/1.4.0/classmate-1.4.0.jar
a2199000-a21c8000 r--s 00226000 103:03 2495847                           /home/louis/.m2/repository/com/google/guava/guava/20.0/guava-20.0.jar
a21c8000-a21cd000 r--s 0002b000 103:03 2495866                           /home/louis/.m2/repository/io/springfox/springfox-spring-web/2.9.2/springfox-spring-web-2.9.2.jar
a21cd000-a21d1000 r--s 00017000 103:03 2495851                           /home/louis/.m2/repository/io/springfox/springfox-swagger-common/2.9.2/springfox-swagger-common-2.9.2.jar
a21d1000-a21d4000 r--s 00012000 103:03 2495853                           /home/louis/.m2/repository/io/springfox/springfox-schema/2.9.2/springfox-schema-2.9.2.jar
a21d4000-a21d8000 r--s 00019000 103:03 2495863                           /home/louis/.m2/repository/io/springfox/springfox-core/2.9.2/springfox-core-2.9.2.jar
a21d8000-a21db000 r--s 0000b000 103:03 2495861                           /home/louis/.m2/repository/io/springfox/springfox-spi/2.9.2/springfox-spi-2.9.2.jar
a21db000-a21de000 r--s 0000e000 103:03 12715060                          /home/louis/.m2/repository/com/fasterxml/jackson/core/jackson-annotations/2.9.0/jackson-annotations-2.9.0.jar
a21de000-a21e2000 r--s 00022000 103:03 2495850                           /home/louis/.m2/repository/io/swagger/swagger-models/1.5.20/swagger-models-1.5.20.jar
a21e2000-a21e4000 r--s 00004000 103:03 2495858                           /home/louis/.m2/repository/io/swagger/swagger-annotations/1.5.20/swagger-annotations-1.5.20.jar
a21e4000-a21e7000 r--s 0000e000 103:03 2495846                           /home/louis/.m2/repository/io/springfox/springfox-swagger2/2.9.2/springfox-swagger2-2.9.2.jar
a21e7000-a2200000 r--s 00123000 103:03 3283022                           /home/louis/.m2/repository/org/springframework/spring-core/5.1.5.RELEASE/spring-core-5.1.5.RELEASE.jar
a2200000-a2300000 rw-p 00000000 00:00 0 
a2300000-a23fa000 rw-p 00000000 00:00 0 
a23fa000-a2400000 ---p 00000000 00:00 0 
a2400000-a2404000 r--s 00025000 103:03 2754630                           /home/louis/.m2/repository/org/xmlunit/xmlunit-core/2.6.2/xmlunit-core-2.6.2.jar
a2404000-a2412000 r--s 0008a000 103:03 3541186                           /home/louis/.m2/repository/org/springframework/spring-test/5.1.5.RELEASE/spring-test-5.1.5.RELEASE.jar
a2412000-a2413000 r--s 00005000 103:03 3283018                           /home/louis/.m2/repository/org/springframework/spring-jcl/5.1.5.RELEASE/spring-jcl-5.1.5.RELEASE.jar
a2413000-a2414000 r--s 00004000 103:03 12715112                          /home/louis/.m2/repository/com/vaadin/external/google/android-json/0.0.20131108.vaadin1/android-json-0.0.20131108.vaadin1.jar
a2414000-a2416000 r--s 00006000 103:03 12715110                          /home/louis/.m2/repository/org/skyscreamer/jsonassert/1.5.0/jsonassert-1.5.0.jar
a2416000-a2418000 r--s 00009000 103:03 12715039                          /home/louis/.m2/repository/org/hamcrest/hamcrest-core/1.3/hamcrest-core-1.3.jar
a2418000-a241a000 r--s 0000c000 103:03 12715104                          /home/louis/.m2/repository/org/objenesis/objenesis/2.6/objenesis-2.6.jar
a241a000-a241c000 r--s 00009000 103:03 3541184                           /home/louis/.m2/repository/net/bytebuddy/byte-buddy-agent/1.9.10/byte-buddy-agent-1.9.10.jar
a241c000-a242c000 r--s 0007a000 103:03 3541179                           /home/louis/.m2/repository/org/mockito/mockito-core/2.23.4/mockito-core-2.23.4.jar
a242c000-a2487000 r--s 0038b000 103:03 2754775                           /home/louis/.m2/repository/org/assertj/assertj-core/3.11.1/assertj-core-3.11.1.jar
a2487000-a248f000 r--s 00045000 103:03 12715098                          /home/louis/.m2/repository/junit/junit/4.12/junit-4.12.jar
a248f000-a2491000 r--s 0000c000 103:03 12715094                          /home/louis/.m2/repository/org/ow2/asm/asm/5.0.4/asm-5.0.4.jar
a2491000-a2497000 r--s 00031000 103:03 12715088                          /home/louis/.m2/repository/com/jayway/jsonpath/json-path/2.4.0/json-path-2.4.0.jar
a2497000-a249e000 r--s 00024000 103:03 3541180                           /home/louis/.m2/repository/org/springframework/boot/spring-boot-test-autoconfigure/2.1.3.RELEASE/spring-boot-test-autoconfigure-2.1.3.RELEASE.jar
a249e000-a24a3000 r--s 0002b000 103:03 3541182                           /home/louis/.m2/repository/org/springframework/boot/spring-boot-test/2.1.3.RELEASE/spring-boot-test-2.1.3.RELEASE.jar
a24a3000-a24b3000 r--s 001c7000 103:03 12714962                          /home/louis/.m2/repository/com/h2database/h2/1.4.197/h2-1.4.197.jar
a24b3000-a24b8000 r--s 00040000 103:03 3283025                           /home/louis/.m2/repository/org/springframework/spring-expression/5.1.5.RELEASE/spring-expression-5.1.5.RELEASE.jar
a24b8000-a24c7000 r--s 000b5000 103:03 3541174                           /home/louis/.m2/repository/org/springframework/spring-webmvc/5.1.5.RELEASE/spring-webmvc-5.1.5.RELEASE.jar
a24c7000-a24e3000 r--s 00136000 103:03 3410536                           /home/louis/.m2/repository/org/springframework/spring-web/5.1.5.RELEASE/spring-web-5.1.5.RELEASE.jar
a24e3000-a2500000 r--s 000fe000 103:03 3541173                           /home/louis/.m2/repository/org/hibernate/validator/hibernate-validator/6.0.14.Final/hibernate-validator-6.0.14.Final.jar
a2500000-a25fe000 rw-p 00000000 00:00 0 
a25fe000-a2600000 ---p 00000000 00:00 0 
a2600000-a2602000 r--s 00006000 103:03 12715092                          /home/louis/.m2/repository/net/minidev/accessors-smart/1.2/accessors-smart-1.2.jar
a2602000-a2607000 r--s 00012000 103:03 12715026                          /home/louis/.m2/repository/javax/validation/validation-api/2.0.1.Final/validation-api-2.0.1.Final.jar
a2607000-a260c000 r--s 0003c000 103:03 3541171                           /home/louis/.m2/repository/org/apache/tomcat/embed/tomcat-embed-websocket/9.0.16/tomcat-embed-websocket-9.0.16.jar
a260c000-a2636000 r--s 002f9000 103:03 3541166                           /home/louis/.m2/repository/org/apache/tomcat/embed/tomcat-embed-core/9.0.16/tomcat-embed-core-9.0.16.jar
a2636000-a267d000 r--s 002d9000 103:03 3410537                           /home/louis/.m2/repository/net/bytebuddy/byte-buddy/1.9.10/byte-buddy-1.9.10.jar
a267d000-a2700000 r--s 00624000 103:03 2754648                           /home/louis/.m2/repository/org/hibernate/hibernate-core/5.3.7.Final/hibernate-core-5.3.7.Final.jar
a2700000-a2800000 rw-p 00000000 00:00 0 
a2800000-a28fa000 rw-p 00000000 00:00 0 
a28fa000-a2900000 ---p 00000000 00:00 0 
a2900000-a29fb000 rw-p 00000000 00:00 0 
a29fb000-a2a00000 ---p 00000000 00:00 0 
a2a00000-a2afa000 rw-p 00000000 00:00 0 
a2afa000-a2b00000 ---p 00000000 00:00 0 
a2b00000-a2b21000 rw-p 00000000 00:00 0 
a2b21000-a2c00000 ---p 00000000 00:00 0 
a2c00000-a2d00000 rw-p 00000000 00:00 0 
a2d00000-a2dfe000 rw-p 00000000 00:00 0 
a2dfe000-a2e00000 ---p 00000000 00:00 0 
a2e00000-a2e21000 rw-p 00000000 00:00 0 
a2e21000-a2f00000 ---p 00000000 00:00 0 
a2f00000-a2ff9000 rw-p 00000000 00:00 0 
a2ff9000-a3000000 ---p 00000000 00:00 0 
a3000000-a3003000 r--s 0001b000 103:03 12715090                          /home/louis/.m2/repository/net/minidev/json-smart/2.3/json-smart-2.3.jar
a3003000-a3008000 r--s 00039000 103:03 3541168                           /home/louis/.m2/repository/org/apache/tomcat/embed/tomcat-embed-el/9.0.16/tomcat-embed-el-9.0.16.jar
a3008000-a300b000 ---p 00000000 00:00 0 
a300b000-a3059000 rw-p 00000000 00:00 0 
a3059000-a305a000 ---p 00000000 00:00 0 
a305a000-a30da000 rw-p 00000000 00:00 0 
a30da000-a32b4000 r--s 03d6b000 103:03 9986769                           /home/louis/Bureau/Cours/DevOps/jdk1.8.0_181/jre/lib/rt.jar
a32b4000-a36fa000 rw-p 00000000 00:00 0 
a36fa000-a3700000 ---p 00000000 00:00 0 
a3700000-a5b00000 rw-p 00000000 00:00 0 
a5b00000-a5b21000 rw-p 00000000 00:00 0 
a5b21000-a5c00000 ---p 00000000 00:00 0 
a5c00000-a5c01000 r--s 0000c000 103:03 12715108                          /home/louis/.m2/repository/org/hamcrest/hamcrest-library/1.3/hamcrest-library-1.3.jar
a5c01000-a5c02000 r--s 00000000 103:03 3541176                           /home/louis/.m2/repository/org/springframework/boot/spring-boot-starter-test/2.1.3.RELEASE/spring-boot-starter-test-2.1.3.RELEASE.jar
a5c02000-a5c03000 r--s 00000000 103:03 3541164                           /home/louis/.m2/repository/org/springframework/boot/spring-boot-starter-tomcat/2.1.3.RELEASE/spring-boot-starter-tomcat-2.1.3.RELEASE.jar
a5c03000-a5c05000 r--s 00001000 103:03 3541162                           /home/louis/.m2/repository/com/fasterxml/jackson/module/jackson-module-parameter-names/2.9.8/jackson-module-parameter-names-2.9.8.jar
a5c05000-a5c08000 r--s 00016000 103:03 3541160                           /home/louis/.m2/repository/com/fasterxml/jackson/datatype/jackson-datatype-jsr310/2.9.8/jackson-datatype-jsr310-2.9.8.jar
a5c08000-a5c0c000 r--s 0004c000 103:03 3410538                           /home/louis/.m2/repository/com/fasterxml/jackson/core/jackson-core/2.9.8/jackson-core-2.9.8.jar
a5c0c000-a5c1e000 r--s 00137000 103:03 3410543                           /home/louis/.m2/repository/com/fasterxml/jackson/core/jackson-databind/2.9.8/jackson-databind-2.9.8.jar
a5c1e000-a5c2e000 r--s 000c5000 103:03 2754746                           /home/louis/.m2/repository/org/thymeleaf/thymeleaf/3.0.11.RELEASE/thymeleaf-3.0.11.RELEASE.jar
a5c2e000-a5c31000 ---p 00000000 00:00 0 
a5c31000-a5c7f000 rw-p 00000000 00:00 0 
a5c7f000-a5c80000 ---p 00000000 00:00 0 
a5c80000-a5d00000 rw-p 00000000 00:00 0 
a5d00000-a5d21000 rw-p 00000000 00:00 0 
a5d21000-a5e00000 ---p 00000000 00:00 0 
a5e00000-a5e02000 r--s 00007000 103:03 3541158                           /home/louis/.m2/repository/com/fasterxml/jackson/datatype/jackson-datatype-jdk8/2.9.8/jackson-datatype-jdk8-2.9.8.jar
a5e02000-a5e03000 r--s 00000000 103:03 3410533                           /home/louis/.m2/repository/org/springframework/boot/spring-boot-starter-json/2.1.3.RELEASE/spring-boot-starter-json-2.1.3.RELEASE.jar
a5e03000-a5e04000 r--s 00000000 103:03 3410531                           /home/louis/.m2/repository/org/springframework/boot/spring-boot-starter-web/2.1.3.RELEASE/spring-boot-starter-web-2.1.3.RELEASE.jar
a5e04000-a5e05000 r--s 00009000 103:03 3410529                           /home/louis/.m2/repository/org/thymeleaf/extras/thymeleaf-extras-java8time/3.0.3.RELEASE/thymeleaf-extras-java8time-3.0.3.RELEASE.jar
a5e05000-a5e0a000 r--s 00037000 103:03 2754641                           /home/louis/.m2/repository/org/attoparser/attoparser/2.0.5.RELEASE/attoparser-2.0.5.RELEASE.jar
a5e0a000-a5e2e000 r--s 00110000 103:03 3283023                           /home/louis/.m2/repository/org/springframework/boot/spring-boot-autoconfigure/2.1.3.RELEASE/spring-boot-autoconfigure-2.1.3.RELEASE.jar
a5e2e000-a5e31000 ---p 00000000 00:00 0 
a5e31000-a5e7f000 rw-p 00000000 00:00 0 
a5e7f000-a5e80000 ---p 00000000 00:00 0 
a5e80000-a5f00000 rw-p 00000000 00:00 0 
a5f00000-a5f21000 rw-p 00000000 00:00 0 
a5f21000-a6000000 ---p 00000000 00:00 0 
a6000000-a6003000 r--s 00028000 103:03 2754704                           /home/louis/.m2/repository/org/unbescape/unbescape/1.1.6.RELEASE/unbescape-1.1.6.RELEASE.jar
a6003000-a6008000 r--s 00027000 103:03 2754732                           /home/louis/.m2/repository/org/thymeleaf/thymeleaf-spring5/3.0.11.RELEASE/thymeleaf-spring5-3.0.11.RELEASE.jar
a6008000-a600f000 r--s 00043000 103:03 2754625                           /home/louis/.m2/repository/org/yaml/snakeyaml/1.23/snakeyaml-1.23.jar
a600f000-a6011000 r--s 00005000 103:03 12715006                          /home/louis/.m2/repository/javax/annotation/javax.annotation-api/1.3.2/javax.annotation-api-1.3.2.jar
a6011000-a6013000 r--s 00000000 103:03 12714964                          /home/louis/.m2/repository/org/slf4j/jul-to-slf4j/1.7.25/jul-to-slf4j-1.7.25.jar
a6013000-a6019000 r--s 0003c000 103:03 3410527                           /home/louis/.m2/repository/org/apache/logging/log4j/log4j-api/2.11.2/log4j-api-2.11.2.jar
a6019000-a602e000 r--s 000d3000 103:03 3283034                           /home/louis/.m2/repository/org/springframework/boot/spring-boot/2.1.3.RELEASE/spring-boot-2.1.3.RELEASE.jar
a602e000-a6031000 ---p 00000000 00:00 0 
a6031000-a607f000 rw-p 00000000 00:00 0 
a607f000-a6080000 ---p 00000000 00:00 0 
a6080000-a6100000 rw-p 00000000 00:00 0 
a6100000-a6121000 rw-p 00000000 00:00 0 
a6121000-a6200000 ---p 00000000 00:00 0 
a6200000-a6202000 r--s 00003000 103:03 3410525                           /home/louis/.m2/repository/org/apache/logging/log4j/log4j-to-slf4j/2.11.2/log4j-to-slf4j-2.11.2.jar
a6202000-a620d000 r--s 00069000 103:03 12714953                          /home/louis/.m2/repository/ch/qos/logback/logback-core/1.2.3/logback-core-1.2.3.jar
a620d000-a6213000 r--s 00041000 103:03 12714950                          /home/louis/.m2/repository/ch/qos/logback/logback-classic/1.2.3/logback-classic-1.2.3.jar
a6213000-a6214000 r--s 00000000 103:03 3283035                           /home/louis/.m2/repository/org/springframework/boot/spring-boot-starter-logging/2.1.3.RELEASE/spring-boot-starter-logging-2.1.3.RELEASE.jar
a6214000-a622e000 r--s 000f3000 103:03 3283028                           /home/louis/.m2/repository/org/springframework/spring-context/5.1.5.RELEASE/spring-context-5.1.5.RELEASE.jar
a622e000-a6231000 ---p 00000000 00:00 0 
a6231000-a627f000 rw-p 00000000 00:00 0 
a627f000-a6280000 ---p 00000000 00:00 0 
a6280000-a6300000 rw-p 00000000 00:00 0 
a6300000-a6321000 rw-p 00000000 00:00 0 
a6321000-a6400000 ---p 00000000 00:00 0 
a6400000-a6401000 r--s 00000000 103:03 3283020                           /home/louis/.m2/repository/org/springframework/boot/spring-boot-starter/2.1.3.RELEASE/spring-boot-starter-2.1.3.RELEASE.jar
a6401000-a640e000 r--s 00098000 103:03 3283032                           /home/louis/.m2/repository/org/springframework/spring-beans/5.1.5.RELEASE/spring-beans-5.1.5.RELEASE.jar
a640e000-a6416000 r--s 00037000 103:03 3410511                           /home/louis/.m2/repository/org/springframework/spring-tx/5.1.5.RELEASE/spring-tx-5.1.5.RELEASE.jar
a6416000-a642e000 r--s 00105000 103:03 3410517                           /home/louis/.m2/repository/org/springframework/data/spring-data-commons/2.1.5.RELEASE/spring-data-commons-2.1.5.RELEASE.jar
a642e000-a6431000 ---p 00000000 00:00 0 
a6431000-a647f000 rw-p 00000000 00:00 0 
a647f000-a6480000 ---p 00000000 00:00 0 
a6480000-a6500000 rw-p 00000000 00:00 0 
a6500000-a6521000 rw-p 00000000 00:00 0 
a6521000-a6600000 ---p 00000000 00:00 0 
a6600000-a6602000 r--s 0000a000 103:03 3410510                           /home/louis/.m2/repository/org/springframework/spring-aspects/5.1.5.RELEASE/spring-aspects-5.1.5.RELEASE.jar
a6602000-a6606000 r--s 0002d000 103:03 3410519                           /home/louis/.m2/repository/org/springframework/spring-orm/5.1.5.RELEASE/spring-orm-5.1.5.RELEASE.jar
a6606000-a660d000 r--s 0004e000 103:03 3410515                           /home/louis/.m2/repository/org/springframework/data/spring-data-jpa/2.1.5.RELEASE/spring-data-jpa-2.1.5.RELEASE.jar
a660d000-a6610000 r--s 00010000 103:03 2754646                           /home/louis/.m2/repository/org/hibernate/common/hibernate-commons-annotations/5.0.4.Final/hibernate-commons-annotations-5.0.4.Final.jar
a6610000-a6615000 r--s 0004b000 103:03 2754662                           /home/louis/.m2/repository/org/dom4j/dom4j/2.1.1/dom4j-2.1.1.jar
a6615000-a6618000 r--s 0002b000 103:03 2754656                           /home/louis/.m2/repository/org/jboss/jandex/2.0.5.Final/jandex-2.0.5.Final.jar
a6618000-a661d000 r--s 00068000 103:03 12585827                          /home/louis/.m2/repository/antlr/antlr/2.7.7/antlr-2.7.7.jar
a661d000-a6628000 r--s 000b2000 103:03 2754652                           /home/louis/.m2/repository/org/javassist/javassist/3.23.1-GA/javassist-3.23.1-GA.jar
a6628000-a662e000 r--s 00023000 103:03 2754650                           /home/louis/.m2/repository/javax/persistence/javax.persistence-api/2.2/javax.persistence-api-2.2.jar
a662e000-a6630000 r--s 0000f000 103:03 12715046                          /home/louis/.m2/repository/org/jboss/logging/jboss-logging/3.3.2.Final/jboss-logging-3.3.2.Final.jar
a6630000-a667f000 rw-p 00000000 00:00 0 
a667f000-a6680000 ---p 00000000 00:00 0 
a6680000-a6700000 rw-p 00000000 00:00 0 
a6700000-a6721000 rw-p 00000000 00:00 0 
a6721000-a6800000 ---p 00000000 00:00 0 
a6800000-a6802000 r--s 0000c000 103:03 2754661                           /home/louis/.m2/repository/javax/activation/javax.activation-api/1.2.0/javax.activation-api-1.2.0.jar
a6802000-a680b000 r--s 0005a000 103:03 3410521                           /home/louis/.m2/repository/org/springframework/spring-jdbc/5.1.5.RELEASE/spring-jdbc-5.1.5.RELEASE.jar
a680b000-a6824000 r--s 001de000 103:03 2754678                           /home/louis/.m2/repository/org/aspectj/aspectjweaver/1.9.2/aspectjweaver-1.9.2.jar
a6824000-a687f000 rw-p 00000000 00:00 0 
a687f000-a6880000 ---p 00000000 00:00 0 
a6880000-a6900000 rw-p 00000000 00:00 0 
a6900000-a6921000 rw-p 00000000 00:00 0 
a6921000-a6a00000 ---p 00000000 00:00 0 
a6a00000-a6a01000 r--s 00000000 103:03 3410522                           /home/louis/.m2/repository/org/springframework/boot/spring-boot-starter-thymeleaf/2.1.3.RELEASE/spring-boot-starter-thymeleaf-2.1.3.RELEASE.jar
a6a01000-a6a05000 r--s 0001c000 103:03 2754759                           /home/louis/.m2/repository/javax/xml/bind/jaxb-api/2.3.1/jaxb-api-2.3.1.jar
a6a05000-a6a06000 r--s 00006000 103:03 2754642                           /home/louis/.m2/repository/javax/transaction/javax.transaction-api/1.3/javax.transaction-api-1.3.jar
a6a06000-a6a0a000 r--s 00020000 103:03 2754709                           /home/louis/.m2/repository/com/zaxxer/HikariCP/3.2.0/HikariCP-3.2.0.jar
a6a0a000-a6a0b000 r--s 00000000 103:03 3410507                           /home/louis/.m2/repository/org/springframework/boot/spring-boot-starter-jdbc/2.1.3.RELEASE/spring-boot-starter-jdbc-2.1.3.RELEASE.jar
a6a0b000-a6a15000 r--s 00051000 103:03 3283030                           /home/louis/.m2/repository/org/springframework/spring-aop/5.1.5.RELEASE/spring-aop-5.1.5.RELEASE.jar
a6a15000-a6a28000 r--s 00345000 103:03 9986763                           /home/louis/Bureau/Cours/DevOps/jdk1.8.0_181/jre/lib/resources.jar
a6a28000-a6a29000 ---p 00000000 00:00 0 
a6a29000-a6abf000 rw-p 00000000 00:00 0 
a6abf000-a6bff000 ---p 00000000 00:00 0 
a6bff000-a6c15000 rw-p 00000000 00:00 0 
a6c15000-a6d54000 ---p 00000000 00:00 0 
a6d54000-a6d7b000 rw-p 00000000 00:00 0 
a6d7b000-a6dff000 ---p 00000000 00:00 0 
a6dff000-a98c0000 rw-p 00000000 00:00 0 
a98c0000-d18c0000 ---p 00000000 00:00 0 
d18c0000-d6540000 rw-p 00000000 00:00 0 
d6540000-e6e00000 ---p 00000000 00:00 0 
e6e00000-e6e01000 r--s 00000000 103:03 3283019                           /home/louis/.m2/repository/org/springframework/boot/spring-boot-starter-aop/2.1.3.RELEASE/spring-boot-starter-aop-2.1.3.RELEASE.jar
e6e01000-e6e02000 r--s 00000000 103:03 3283015                           /home/louis/.m2/repository/org/springframework/boot/spring-boot-starter-data-jpa/2.1.3.RELEASE/spring-boot-starter-data-jpa-2.1.3.RELEASE.jar
e6e02000-e6e15000 r--s 000d6000 103:03 9986674                           /home/louis/Bureau/Cours/DevOps/jdk1.8.0_181/jre/lib/plugin.jar
e6e15000-e6e1a000 r--s 0009d000 103:03 9986773                           /home/louis/Bureau/Cours/DevOps/jdk1.8.0_181/jre/lib/jsse.jar
e6e1a000-e6e1c000 r--s 00007000 103:03 9986684                           /home/louis/Bureau/Cours/DevOps/jdk1.8.0_181/jre/lib/jfxswt.jar
e6e1c000-e6e21000 r--s 00084000 103:03 9986683                           /home/louis/Bureau/Cours/DevOps/jdk1.8.0_181/jre/lib/jfr.jar
e6e21000-e6e2a000 r--s 0006d000 103:03 9986754                           /home/louis/Bureau/Cours/DevOps/jdk1.8.0_181/jre/lib/javaws.jar
e6e2a000-e6e46000 r--s 0020b000 103:03 9986678                           /home/louis/Bureau/Cours/DevOps/jdk1.8.0_181/jre/lib/deploy.jar
e6e46000-e6e6c000 rw-p 00000000 00:00 0 
e6e6c000-e721e000 ---p 00000000 00:00 0 
e721e000-e756e000 rwxp 00000000 00:00 0 
e756e000-f621e000 ---p 00000000 00:00 0 
f621e000-f6238000 r-xp 00000000 103:03 9986747                           /home/louis/Bureau/Cours/DevOps/jdk1.8.0_181/jre/lib/i386/libzip.so
f6238000-f6239000 rw-p 00019000 103:03 9986747                           /home/louis/Bureau/Cours/DevOps/jdk1.8.0_181/jre/lib/i386/libzip.so
f6239000-f6244000 r-xp 00000000 103:03 3932384                           /lib/i386-linux-gnu/libnss_files-2.23.so
f6244000-f6245000 r--p 0000a000 103:03 3932384                           /lib/i386-linux-gnu/libnss_files-2.23.so
f6245000-f6246000 rw-p 0000b000 103:03 3932384                           /lib/i386-linux-gnu/libnss_files-2.23.so
f6246000-f624c000 rw-p 00000000 00:00 0 
f624c000-f6257000 r-xp 00000000 103:03 3932339                           /lib/i386-linux-gnu/libnss_nis-2.23.so
f6257000-f6258000 r--p 0000a000 103:03 3932339                           /lib/i386-linux-gnu/libnss_nis-2.23.so
f6258000-f6259000 rw-p 0000b000 103:03 3932339                           /lib/i386-linux-gnu/libnss_nis-2.23.so
f6259000-f6270000 r-xp 00000000 103:03 3932380                           /lib/i386-linux-gnu/libnsl-2.23.so
f6270000-f6271000 r--p 00016000 103:03 3932380                           /lib/i386-linux-gnu/libnsl-2.23.so
f6271000-f6272000 rw-p 00017000 103:03 3932380                           /lib/i386-linux-gnu/libnsl-2.23.so
f6272000-f6274000 rw-p 00000000 00:00 0 
f6274000-f627c000 r-xp 00000000 103:03 3932392                           /lib/i386-linux-gnu/libnss_compat-2.23.so
f627c000-f627d000 r--p 00007000 103:03 3932392                           /lib/i386-linux-gnu/libnss_compat-2.23.so
f627d000-f627e000 rw-p 00008000 103:03 3932392                           /lib/i386-linux-gnu/libnss_compat-2.23.so
f627e000-f6281000 r--s 0001a000 103:03 9986751                           /home/louis/Bureau/Cours/DevOps/jdk1.8.0_181/jre/lib/jce.jar
f6281000-f6286000 r--s 002f9000 103:03 9986757                           /home/louis/Bureau/Cours/DevOps/jdk1.8.0_181/jre/lib/charsets.jar
f6286000-f6288000 r--s 00008000 103:03 12453302                          /home/louis/Bureau/Cours/DevOps/idea-IU-182.4505.22/plugins/junit/lib/junit5-rt.jar
f6288000-f628a000 r--s 00020000 103:03 12453301                          /home/louis/Bureau/Cours/DevOps/idea-IU-182.4505.22/plugins/junit/lib/junit-rt.jar
f628a000-f628c000 r--s 0001a000 103:03 9986380                           /home/louis/Bureau/Cours/DevOps/idea-IU-182.4505.22/lib/idea_rt.jar
f628c000-f628e000 r--s 00001000 103:03 10231597                          /home/louis/Bureau/Cours/DevOps/idea-IU-182.4505.22/lib/rt/debugger-agent-storage.jar
f628e000-f6291000 r-xp 00000000 103:03 9986713                           /home/louis/Bureau/Cours/DevOps/jdk1.8.0_181/jre/lib/i386/libdt_socket.so
f6291000-f6292000 rw-p 00003000 103:03 9986713                           /home/louis/Bureau/Cours/DevOps/jdk1.8.0_181/jre/lib/i386/libdt_socket.so
f6292000-f629a000 rw-s 00000000 103:03 7078713                           /tmp/hsperfdata_louis/16858
f629a000-f649a000 r--p 00000000 103:03 8526062                           /usr/lib/locale/locale-archive
f649a000-f64d1000 r-xp 00000000 103:03 9986736                           /home/louis/Bureau/Cours/DevOps/jdk1.8.0_181/jre/lib/i386/libjdwp.so
f64d1000-f64d2000 rw-p 00037000 103:03 9986736                           /home/louis/Bureau/Cours/DevOps/jdk1.8.0_181/jre/lib/i386/libjdwp.so
f64d2000-f64f6000 r-xp 00000000 103:03 9986741                           /home/louis/Bureau/Cours/DevOps/jdk1.8.0_181/jre/lib/i386/libjava.so
f64f6000-f64f7000 rw-p 00024000 103:03 9986741                           /home/louis/Bureau/Cours/DevOps/jdk1.8.0_181/jre/lib/i386/libjava.so
f64f7000-f64fe000 r-xp 00000000 103:03 3932251                           /lib/i386-linux-gnu/librt-2.23.so
f64fe000-f64ff000 r--p 00006000 103:03 3932251                           /lib/i386-linux-gnu/librt-2.23.so
f64ff000-f6500000 rw-p 00007000 103:03 3932251                           /lib/i386-linux-gnu/librt-2.23.so
f6500000-f65f1000 rw-p 00000000 00:00 0 
f65f1000-f6600000 ---p 00000000 00:00 0 
f6600000-f6601000 r--s 00000000 103:03 9986752                           /home/louis/Bureau/Cours/DevOps/jdk1.8.0_181/jre/lib/management-agent.jar
f6601000-f6604000 ---p 00000000 00:00 0 
f6604000-f6652000 rw-p 00000000 00:00 0 
f6652000-f66a5000 r-xp 00000000 103:03 3932396                           /lib/i386-linux-gnu/libm-2.23.so
f66a5000-f66a6000 r--p 00052000 103:03 3932396                           /lib/i386-linux-gnu/libm-2.23.so
f66a6000-f66a7000 rw-p 00053000 103:03 3932396                           /lib/i386-linux-gnu/libm-2.23.so
f66a7000-f703e000 r-xp 00000000 103:03 10374550                          /home/louis/Bureau/Cours/DevOps/jdk1.8.0_181/jre/lib/i386/server/libjvm.so
f703e000-f70ac000 rw-p 00996000 103:03 10374550                          /home/louis/Bureau/Cours/DevOps/jdk1.8.0_181/jre/lib/i386/server/libjvm.so
f70ac000-f74d7000 rw-p 00000000 00:00 0 
f74d7000-f7687000 r-xp 00000000 103:03 3932390                           /lib/i386-linux-gnu/libc-2.23.so
f7687000-f7689000 r--p 001af000 103:03 3932390                           /lib/i386-linux-gnu/libc-2.23.so
f7689000-f768a000 rw-p 001b1000 103:03 3932390                           /lib/i386-linux-gnu/libc-2.23.so
f768a000-f768d000 rw-p 00000000 00:00 0 
f768d000-f7690000 r-xp 00000000 103:03 3932255                           /lib/i386-linux-gnu/libdl-2.23.so
f7690000-f7691000 r--p 00002000 103:03 3932255                           /lib/i386-linux-gnu/libdl-2.23.so
f7691000-f7692000 rw-p 00003000 103:03 3932255                           /lib/i386-linux-gnu/libdl-2.23.so
f7692000-f76a7000 r-xp 00000000 103:03 9986633                           /home/louis/Bureau/Cours/DevOps/jdk1.8.0_181/lib/i386/jli/libjli.so
f76a7000-f76a8000 rw-p 00014000 103:03 9986633                           /home/louis/Bureau/Cours/DevOps/jdk1.8.0_181/lib/i386/jli/libjli.so
f76a8000-f76c1000 r-xp 00000000 103:03 3932258                           /lib/i386-linux-gnu/libpthread-2.23.so
f76c1000-f76c2000 r--p 00018000 103:03 3932258                           /lib/i386-linux-gnu/libpthread-2.23.so
f76c2000-f76c3000 rw-p 00019000 103:03 3932258                           /lib/i386-linux-gnu/libpthread-2.23.so
f76c3000-f76c5000 rw-p 00000000 00:00 0 
f76c5000-f76ce000 r-xp 00000000 103:03 9986734                           /home/louis/Bureau/Cours/DevOps/jdk1.8.0_181/jre/lib/i386/libinstrument.so
f76ce000-f76cf000 rw-p 00008000 103:03 9986734                           /home/louis/Bureau/Cours/DevOps/jdk1.8.0_181/jre/lib/i386/libinstrument.so
f76cf000-f76d0000 r--p 002db000 103:03 8526062                           /usr/lib/locale/locale-archive
f76d0000-f76d2000 r-xp 00000000 103:03 9986723                           /home/louis/Bureau/Cours/DevOps/jdk1.8.0_181/jre/lib/i386/libnpt.so
f76d2000-f76d3000 rw-p 00001000 103:03 9986723                           /home/louis/Bureau/Cours/DevOps/jdk1.8.0_181/jre/lib/i386/libnpt.so
f76d3000-f76d4000 rw-p 00000000 00:00 0 
f76d4000-f76d5000 ---p 00000000 00:00 0 
f76d5000-f76e0000 r-xp 00000000 103:03 9986699                           /home/louis/Bureau/Cours/DevOps/jdk1.8.0_181/jre/lib/i386/libverify.so
f76e0000-f76e1000 rw-p 0000b000 103:03 9986699                           /home/louis/Bureau/Cours/DevOps/jdk1.8.0_181/jre/lib/i386/libverify.so
f76e1000-f76e2000 rw-p 00000000 00:00 0 
f76e2000-f76e4000 r--p 00000000 00:00 0                                  [vvar]
f76e4000-f76e5000 r-xp 00000000 00:00 0                                  [vdso]
f76e5000-f7708000 r-xp 00000000 103:03 3932257                           /lib/i386-linux-gnu/ld-2.23.so
f7708000-f7709000 r--p 00022000 103:03 3932257                           /lib/i386-linux-gnu/ld-2.23.so
f7709000-f770a000 rw-p 00023000 103:03 3932257                           /lib/i386-linux-gnu/ld-2.23.so
ffa2d000-ffa51000 rw-p 00000000 00:00 0                                  [stack]

VM Arguments:
jvm_args: -agentlib:jdwp=transport=dt_socket,address=127.0.0.1:38043,suspend=y,server=n -ea -Didea.test.cyclic.buffer.size=1048576 -javaagent:/home/louis/Bureau/Cours/DevOps/idea-IU-182.4505.22/lib/rt/debugger-agent.jar=file:/tmp/capture.props -Dfile.encoding=UTF-8 
java_command: com.intellij.rt.execution.junit.JUnitStarter -ideVersion5 -junit4 fr.univtlse3.m2dl.magnetrade.user.UserControllerIT
java_class_path (initial): /home/louis/Bureau/Cours/DevOps/idea-IU-182.4505.22/lib/idea_rt.jar:/home/louis/Bureau/Cours/DevOps/idea-IU-182.4505.22/plugins/junit/lib/junit-rt.jar:/home/louis/Bureau/Cours/DevOps/idea-IU-182.4505.22/plugins/junit/lib/junit5-rt.jar:/home/louis/Bureau/Cours/DevOps/jdk1.8.0_181/jre/lib/charsets.jar:/home/louis/Bureau/Cours/DevOps/jdk1.8.0_181/jre/lib/deploy.jar:/home/louis/Bureau/Cours/DevOps/jdk1.8.0_181/jre/lib/ext/cldrdata.jar:/home/louis/Bureau/Cours/DevOps/jdk1.8.0_181/jre/lib/ext/dnsns.jar:/home/louis/Bureau/Cours/DevOps/jdk1.8.0_181/jre/lib/ext/jaccess.jar:/home/louis/Bureau/Cours/DevOps/jdk1.8.0_181/jre/lib/ext/jfxrt.jar:/home/louis/Bureau/Cours/DevOps/jdk1.8.0_181/jre/lib/ext/localedata.jar:/home/louis/Bureau/Cours/DevOps/jdk1.8.0_181/jre/lib/ext/nashorn.jar:/home/louis/Bureau/Cours/DevOps/jdk1.8.0_181/jre/lib/ext/sunec.jar:/home/louis/Bureau/Cours/DevOps/jdk1.8.0_181/jre/lib/ext/sunjce_provider.jar:/home/louis/Bureau/Cours/DevOps/jdk1.8.0_181/jre/lib/ext/sunpkcs11.jar:/home/louis/Bureau/Cours/DevOps/jdk1.8.0_181/jre/lib/ext/zipfs.jar:/home/louis/Bureau/Cours/DevOps/jdk1.8.0_181/jre/lib/javaws.jar:/home/louis/Bureau/Cours/DevOps/jdk1.8.0_181/jre/lib/jce.jar:/home/louis/Bureau/Cours/DevOps/jdk1.8.0_181/jre/lib/jfr.jar:/home/louis/Bureau/Cours/DevOps/jdk1.8.0_181/jre/lib/jfxswt.jar:/home/louis/Bureau/Cours/DevOps/jdk1.8.0_181/jre/lib/jsse.jar:/home/louis/Bureau/Cours/DevOps/jdk1.8.0_181/jre/lib/management-agent.jar:/home/louis/Bureau/Cours/DevOps/jdk1.8.0_181/jre/lib/plugin.jar:/home/louis/Bureau/Cours/DevOps/jdk1.8.0_181/jre/lib/resources.jar:/home/louis/Bureau/Cours/DevOps/jdk1.8.0_181/jre/lib/rt.jar:/home/louis/Bureau/Cours/IVVQ/2019-ivvq-magnetrade/target/test-classes:/home/louis/Bureau/Cours/IVVQ/2019-ivvq-magnetrade/target/classes:/home/louis/.m2/repository/org/springframework/boot/spring-boot-starter-data-jpa/2.1.3.RELEASE/spring-boot-starter-data-jpa-2.1.3.RELEASE.jar:/home/louis/.m2/repository/org/springframework/boot/sp
Launcher Type: SUN_STANDARD

Environment Variables:
PATH=/home/louis/.opam/ocaml-base-compiler.4.05.0/bin:/usr/local/sbin:/usr/local/bin:/usr/sbin:/usr/bin:/sbin:/bin:/usr/games:/usr/local/games:/snap/bin
SHELL=/bin/bash
DISPLAY=:0

Signal Handlers:
SIGSEGV: [libjvm.so+0x8e14c0], sa_mask[0]=11111111011111111101111111111110, sa_flags=SA_RESTART|SA_SIGINFO
SIGBUS: [libjvm.so+0x8e14c0], sa_mask[0]=11111111011111111101111111111110, sa_flags=SA_RESTART|SA_SIGINFO
SIGFPE: [libjvm.so+0x75d7d0], sa_mask[0]=11111111011111111101111111111110, sa_flags=SA_RESTART|SA_SIGINFO
SIGPIPE: [libjvm.so+0x75d7d0], sa_mask[0]=11111111011111111101111111111110, sa_flags=SA_RESTART|SA_SIGINFO
SIGXFSZ: [libjvm.so+0x75d7d0], sa_mask[0]=11111111011111111101111111111110, sa_flags=SA_RESTART|SA_SIGINFO
SIGILL: [libjvm.so+0x75d7d0], sa_mask[0]=11111111011111111101111111111110, sa_flags=SA_RESTART|SA_SIGINFO
SIGUSR1: SIG_DFL, sa_mask[0]=00000000000000000000000000000000, sa_flags=none
SIGUSR2: [libjvm.so+0x75f0b0], sa_mask[0]=00100000000000000000000000000000, sa_flags=SA_RESTART|SA_SIGINFO
SIGHUP: [libjvm.so+0x760560], sa_mask[0]=11111111011111111101111111111110, sa_flags=SA_RESTART|SA_SIGINFO
SIGINT: [libjvm.so+0x760560], sa_mask[0]=11111111011111111101111111111110, sa_flags=SA_RESTART|SA_SIGINFO
SIGTERM: [libjvm.so+0x760560], sa_mask[0]=11111111011111111101111111111110, sa_flags=SA_RESTART|SA_SIGINFO
SIGQUIT: [libjvm.so+0x760560], sa_mask[0]=11111111011111111101111111111110, sa_flags=SA_RESTART|SA_SIGINFO


---------------  S Y S T E M  ---------------

OS:DISTRIB_ID=Ubuntu
DISTRIB_RELEASE=16.04
DISTRIB_CODENAME=xenial
DISTRIB_DESCRIPTION="Ubuntu 16.04 LTS"

uname:Linux 4.4.0-83-generic #106-Ubuntu SMP Mon Jun 26 17:54:43 UTC 2017 x86_64
libc:glibc 2.23 NPTL 2.23 
rlimit: STACK 8192k, CORE 0k, NPROC 62490, NOFILE 1048576, AS infinity
load average:0,85 0,79 0,78

/proc/meminfo:
MemTotal:       16311412 kB
MemFree:         5645024 kB
MemAvailable:    9071916 kB
Buffers:          562200 kB
Cached:          3849288 kB
SwapCached:            0 kB
Active:          7490740 kB
Inactive:        2471976 kB
Active(anon):    5552916 kB
Inactive(anon):  1046364 kB
Active(file):    1937824 kB
Inactive(file):  1425612 kB
Unevictable:         304 kB
Mlocked:             304 kB
SwapTotal:      33310716 kB
SwapFree:       33310716 kB
Dirty:             25404 kB
Writeback:             0 kB
AnonPages:       5551252 kB
Mapped:          1408696 kB
Shmem:           1048056 kB
Slab:             470772 kB
SReclaimable:     400656 kB
SUnreclaim:        70116 kB
KernelStack:       22240 kB
PageTables:        87832 kB
NFS_Unstable:          0 kB
Bounce:                0 kB
WritebackTmp:          0 kB
CommitLimit:    41466420 kB
Committed_AS:   17037080 kB
VmallocTotal:   34359738367 kB
VmallocUsed:           0 kB
VmallocChunk:          0 kB
HardwareCorrupted:     0 kB
AnonHugePages:   2582528 kB
CmaTotal:              0 kB
CmaFree:               0 kB
HugePages_Total:       0
HugePages_Free:        0
HugePages_Rsvd:        0
HugePages_Surp:        0
Hugepagesize:       2048 kB
DirectMap4k:      278760 kB
DirectMap2M:    11134976 kB
DirectMap1G:     5242880 kB


CPU:total 8 (initial active 8) (4 cores per cpu, 2 threads per core) family 6 model 158 stepping 9, cmov, cx8, fxsr, mmx, sse, sse2, sse3, ssse3, sse4.1, sse4.2, popcnt, avx, avx2, aes, clmul, erms, rtm, 3dnowpref, lzcnt, ht, tsc, tscinvbit, bmi1, bmi2, adx

/proc/cpuinfo:
processor	: 0
vendor_id	: GenuineIntel
cpu family	: 6
model		: 158
model name	: Intel(R) Core(TM) i7-7820HQ CPU @ 2.90GHz
stepping	: 9
microcode	: 0x84
cpu MHz		: 2683.632
cache size	: 8192 KB
physical id	: 0
siblings	: 8
core id		: 0
cpu cores	: 4
apicid		: 0
initial apicid	: 0
fpu		: yes
fpu_exception	: yes
cpuid level	: 22
wp		: yes
flags		: fpu vme de pse tsc msr pae mce cx8 apic sep mtrr pge mca cmov pat pse36 clflush dts acpi mmx fxsr sse sse2 ss ht tm pbe syscall nx pdpe1gb rdtscp lm constant_tsc art arch_perfmon pebs bts rep_good nopl xtopology nonstop_tsc aperfmperf eagerfpu pni pclmulqdq dtes64 monitor ds_cpl vmx smx est tm2 ssse3 sdbg fma cx16 xtpr pdcm pcid sse4_1 sse4_2 x2apic movbe popcnt tsc_deadline_timer aes xsave avx f16c rdrand lahf_lm abm 3dnowprefetch epb intel_pt tpr_shadow vnmi flexpriority ept vpid fsgsbase tsc_adjust bmi1 hle avx2 smep bmi2 erms invpcid rtm mpx rdseed adx smap clflushopt xsaveopt xsavec xgetbv1 dtherm ida arat pln pts hwp hwp_notify hwp_act_window hwp_epp
bugs		:
bogomips	: 5807.85
clflush size	: 64
cache_alignment	: 64
address sizes	: 39 bits physical, 48 bits virtual
power management:

processor	: 1
vendor_id	: GenuineIntel
cpu family	: 6
model		: 158
model name	: Intel(R) Core(TM) i7-7820HQ CPU @ 2.90GHz
stepping	: 9
microcode	: 0x84
cpu MHz		: 2678.421
cache size	: 8192 KB
physical id	: 0
siblings	: 8
core id		: 1
cpu cores	: 4
apicid		: 2
initial apicid	: 2
fpu		: yes
fpu_exception	: yes
cpuid level	: 22
wp		: yes
flags		: fpu vme de pse tsc msr pae mce cx8 apic sep mtrr pge mca cmov pat pse36 clflush dts acpi mmx fxsr sse sse2 ss ht tm pbe syscall nx pdpe1gb rdtscp lm constant_tsc art arch_perfmon pebs bts rep_good nopl xtopology nonstop_tsc aperfmperf eagerfpu pni pclmulqdq dtes64 monitor ds_cpl vmx smx est tm2 ssse3 sdbg fma cx16 xtpr pdcm pcid sse4_1 sse4_2 x2apic movbe popcnt tsc_deadline_timer aes xsave avx f16c rdrand lahf_lm abm 3dnowprefetch epb intel_pt tpr_shadow vnmi flexpriority ept vpid fsgsbase tsc_adjust bmi1 hle avx2 smep bmi2 erms invpcid rtm mpx rdseed adx smap clflushopt xsaveopt xsavec xgetbv1 dtherm ida arat pln pts hwp hwp_notify hwp_act_window hwp_epp
bugs		:
bogomips	: 5807.85
clflush size	: 64
cache_alignment	: 64
address sizes	: 39 bits physical, 48 bits virtual
power management:

processor	: 2
vendor_id	: GenuineIntel
cpu family	: 6
model		: 158
model name	: Intel(R) Core(TM) i7-7820HQ CPU @ 2.90GHz
stepping	: 9
microcode	: 0x84
cpu MHz		: 2683.746
cache size	: 8192 KB
physical id	: 0
siblings	: 8
core id		: 2
cpu cores	: 4
apicid		: 4
initial apicid	: 4
fpu		: yes
fpu_exception	: yes
cpuid level	: 22
wp		: yes
flags		: fpu vme de pse tsc msr pae mce cx8 apic sep mtrr pge mca cmov pat pse36 clflush dts acpi mmx fxsr sse sse2 ss ht tm pbe syscall nx pdpe1gb rdtscp lm constant_tsc art arch_perfmon pebs bts rep_good nopl xtopology nonstop_tsc aperfmperf eagerfpu pni pclmulqdq dtes64 monitor ds_cpl vmx smx est tm2 ssse3 sdbg fma cx16 xtpr pdcm pcid sse4_1 sse4_2 x2apic movbe popcnt tsc_deadline_timer aes xsave avx f16c rdrand lahf_lm abm 3dnowprefetch epb intel_pt tpr_shadow vnmi flexpriority ept vpid fsgsbase tsc_adjust bmi1 hle avx2 smep bmi2 erms invpcid rtm mpx rdseed adx smap clflushopt xsaveopt xsavec xgetbv1 dtherm ida arat pln pts hwp hwp_notify hwp_act_window hwp_epp
bugs		:
bogomips	: 5807.85
clflush size	: 64
cache_alignment	: 64
address sizes	: 39 bits physical, 48 bits virtual
power management:

processor	: 3
vendor_id	: GenuineIntel
cpu family	: 6
model		: 158
model name	: Intel(R) Core(TM) i7-7820HQ CPU @ 2.90GHz
stepping	: 9
microcode	: 0x84
cpu MHz		: 2680.121
cache size	: 8192 KB
physical id	: 0
siblings	: 8
core id		: 3
cpu cores	: 4
apicid		: 6
initial apicid	: 6
fpu		: yes
fpu_exception	: yes
cpuid level	: 22
wp		: yes
flags		: fpu vme de pse tsc msr pae mce cx8 apic sep mtrr pge mca cmov pat pse36 clflush dts acpi mmx fxsr sse sse2 ss ht tm pbe syscall nx pdpe1gb rdtscp lm constant_tsc art arch_perfmon pebs bts rep_good nopl xtopology nonstop_tsc aperfmperf eagerfpu pni pclmulqdq dtes64 monitor ds_cpl vmx smx est tm2 ssse3 sdbg fma cx16 xtpr pdcm pcid sse4_1 sse4_2 x2apic movbe popcnt tsc_deadline_timer aes xsave avx f16c rdrand lahf_lm abm 3dnowprefetch epb intel_pt tpr_shadow vnmi flexpriority ept vpid fsgsbase tsc_adjust bmi1 hle avx2 smep bmi2 erms invpcid rtm mpx rdseed adx smap clflushopt xsaveopt xsavec xgetbv1 dtherm ida arat pln pts hwp hwp_notify hwp_act_window hwp_epp
bugs		:
bogomips	: 5807.85
clflush size	: 64
cache_alignment	: 64
address sizes	: 39 bits physical, 48 bits virtual
power management:

processor	: 4
vendor_id	: GenuineIntel
cpu family	: 6
model		: 158
model name	: Intel(R) Core(TM) i7-7820HQ CPU @ 2.90GHz
stepping	: 9
microcode	: 0x84
cpu MHz		: 2687.371
cache size	: 8192 KB
physical id	: 0
siblings	: 8
core id		: 0
cpu cores	: 4
apicid		: 1
initial apicid	: 1
fpu		: yes
fpu_exception	: yes
cpuid level	: 22
wp		: yes
flags		: fpu vme de pse tsc msr pae mce cx8 apic sep mtrr pge mca cmov pat pse36 clflush dts acpi mmx fxsr sse sse2 ss ht tm pbe syscall nx pdpe1gb rdtscp lm constant_tsc art arch_perfmon pebs bts rep_good nopl xtopology nonstop_tsc aperfmperf eagerfpu pni pclmulqdq dtes64 monitor ds_cpl vmx smx est tm2 ssse3 sdbg fma cx16 xtpr pdcm pcid sse4_1 sse4_2 x2apic movbe popcnt tsc_deadline_timer aes xsave avx f16c rdrand lahf_lm abm 3dnowprefetch epb intel_pt tpr_shadow vnmi flexpriority ept vpid fsgsbase tsc_adjust bmi1 hle avx2 smep bmi2 erms invpcid rtm mpx rdseed adx smap clflushopt xsaveopt xsavec xgetbv1 dtherm ida arat pln pts hwp hwp_notify hwp_act_window hwp_epp
bugs		:
bogomips	: 5807.85
clflush size	: 64
cache_alignment	: 64
address sizes	: 39 bits physical, 48 bits virtual
power management:

processor	: 5
vendor_id	: GenuineIntel
cpu family	: 6
model		: 158
model name	: Intel(R) Core(TM) i7-7820HQ CPU @ 2.90GHz
stepping	: 9
microcode	: 0x84
cpu MHz		: 2688.503
cache size	: 8192 KB
physical id	: 0
siblings	: 8
core id		: 1
cpu cores	: 4
apicid		: 3
initial apicid	: 3
fpu		: yes
fpu_exception	: yes
cpuid level	: 22
wp		: yes
flags		: fpu vme de pse tsc msr pae mce cx8 apic sep mtrr pge mca cmov pat pse36 clflush dts acpi mmx fxsr sse sse2 ss ht tm pbe syscall nx pdpe1gb rdtscp lm constant_tsc art arch_perfmon pebs bts rep_good nopl xtopology nonstop_tsc aperfmperf eagerfpu pni pclmulqdq dtes64 monitor ds_cpl vmx smx est tm2 ssse3 sdbg fma cx16 xtpr pdcm pcid sse4_1 sse4_2 x2apic movbe popcnt tsc_deadline_timer aes xsave avx f16c rdrand lahf_lm abm 3dnowprefetch epb intel_pt tpr_shadow vnmi flexpriority ept vpid fsgsbase tsc_adjust bmi1 hle avx2 smep bmi2 erms invpcid rtm mpx rdseed adx smap clflushopt xsaveopt xsavec xgetbv1 dtherm ida arat pln pts hwp hwp_notify hwp_act_window hwp_epp
bugs		:
bogomips	: 5807.85
clflush size	: 64
cache_alignment	: 64
address sizes	: 39 bits physical, 48 bits virtual
power management:

processor	: 6
vendor_id	: GenuineIntel
cpu family	: 6
model		: 158
model name	: Intel(R) Core(TM) i7-7820HQ CPU @ 2.90GHz
stepping	: 9
microcode	: 0x84
cpu MHz		: 2690.316
cache size	: 8192 KB
physical id	: 0
siblings	: 8
core id		: 2
cpu cores	: 4
apicid		: 5
initial apicid	: 5
fpu		: yes
fpu_exception	: yes
cpuid level	: 22
wp		: yes
flags		: fpu vme de pse tsc msr pae mce cx8 apic sep mtrr pge mca cmov pat pse36 clflush dts acpi mmx fxsr sse sse2 ss ht tm pbe syscall nx pdpe1gb rdtscp lm constant_tsc art arch_perfmon pebs bts rep_good nopl xtopology nonstop_tsc aperfmperf eagerfpu pni pclmulqdq dtes64 monitor ds_cpl vmx smx est tm2 ssse3 sdbg fma cx16 xtpr pdcm pcid sse4_1 sse4_2 x2apic movbe popcnt tsc_deadline_timer aes xsave avx f16c rdrand lahf_lm abm 3dnowprefetch epb intel_pt tpr_shadow vnmi flexpriority ept vpid fsgsbase tsc_adjust bmi1 hle avx2 smep bmi2 erms invpcid rtm mpx rdseed adx smap clflushopt xsaveopt xsavec xgetbv1 dtherm ida arat pln pts hwp hwp_notify hwp_act_window hwp_epp
bugs		:
bogomips	: 5807.85
clflush size	: 64
cache_alignment	: 64
address sizes	: 39 bits physical, 48 bits virtual
power management:

processor	: 7
vendor_id	: GenuineIntel
cpu family	: 6
model		: 158
model name	: Intel(R) Core(TM) i7-7820HQ CPU @ 2.90GHz
stepping	: 9
microcode	: 0x84
cpu MHz		: 2692.242
cache size	: 8192 KB
physical id	: 0
siblings	: 8
core id		: 3
cpu cores	: 4
apicid		: 7
initial apicid	: 7
fpu		: yes
fpu_exception	: yes
cpuid level	: 22
wp		: yes
flags		: fpu vme de pse tsc msr pae mce cx8 apic sep mtrr pge mca cmov pat pse36 clflush dts acpi mmx fxsr sse sse2 ss ht tm pbe syscall nx pdpe1gb rdtscp lm constant_tsc art arch_perfmon pebs bts rep_good nopl xtopology nonstop_tsc aperfmperf eagerfpu pni pclmulqdq dtes64 monitor ds_cpl vmx smx est tm2 ssse3 sdbg fma cx16 xtpr pdcm pcid sse4_1 sse4_2 x2apic movbe popcnt tsc_deadline_timer aes xsave avx f16c rdrand lahf_lm abm 3dnowprefetch epb intel_pt tpr_shadow vnmi flexpriority ept vpid fsgsbase tsc_adjust bmi1 hle avx2 smep bmi2 erms invpcid rtm mpx rdseed adx smap clflushopt xsaveopt xsavec xgetbv1 dtherm ida arat pln pts hwp hwp_notify hwp_act_window hwp_epp
bugs		:
bogomips	: 5807.85
clflush size	: 64
cache_alignment	: 64
address sizes	: 39 bits physical, 48 bits virtual
power management:



Memory: 4k page, physical 16311412k(5644380k free), swap 33310716k(33310716k free)

vm_info: Java HotSpot(TM) Server VM (25.181-b13) for linux-x86 JRE (1.8.0_181-b13), built on Jul  7 2018 01:05:52 by "java_re" with gcc 4.3.0 20080428 (Red Hat 4.3.0-8)

time: Fri May  3 11:31:03 2019
elapsed time: 1338 seconds (0d 0h 22m 18s)

